<?xml version="1.0" encoding="UTF-8"?>
<!-- Generated by org.testng.reporters.JUnitXMLReporter -->
<testsuite ignored="0" hostname="DESKTOP-PDU1TCK" failures="0" tests="10" name="Default test" time="70.138" errors="0" timestamp="2024-11-18T17:58:24 IST">
  <testcase classname="tutorialNinjaPOM.tests.CartPageTests" name="tc01_ItemsEcho" time="0.83"/>
  <testcase classname="tutorialNinjaPOM.tests.CartPageTests" name="tc02_ItemsTotalPrice" time="2.316"/>
  <testcase classname="tutorialNinjaPOM.tests.CartPageTests" name="tc03_ItemsModifyCount" time="6.403"/>
  <testcase classname="tutorialNinjaPOM.tests.CartPageTests" name="tc04_ItemsCheckTotalSumShipless" time="0.249"/>
  <testcase classname="tutorialNinjaPOM.tests.CartPageTests" name="tc05_ItemsModifyCount" time="4.172"/>
  <testcase classname="tutorialNinjaPOM.tests.CartPageTests" name="tc06_VoucherInvaild" time="4.095"/>
  <testcase classname="tutorialNinjaPOM.tests.CartPageTests" name="tc07_CouponInvaild" time="2.517"/>
  <testcase classname="tutorialNinjaPOM.tests.CartPageTests" name="tc08_ShippingMethodUnchecked" time="6.152"/>
  <testcase classname="tutorialNinjaPOM.tests.CartPageTests" name="tc09_ShippingCheck" time="9.804"/>
  <testcase classname="tutorialNinjaPOM.tests.CartPageTests" name="tc99_ContiuneShopping" time="1.759"/>
</testsuite> <!-- Default test -->
