<?xml version="1.0" encoding="UTF-8"?>
<!-- Generated by org.testng.reporters.JUnitXMLReporter -->
<testsuite ignored="0" hostname="DESKTOP-PDU1TCK" failures="0" tests="41" name="Test" time="215.017" errors="0" timestamp="2024-11-18T18:02:33 IST">
  <testcase classname="tutorialNinjaPOM.tests.CartPageTests" name="tc01_ItemsEcho" time="0.595"/>
  <testcase classname="tutorialNinjaPOM.tests.CartPageTests" name="tc02_ItemsTotalPrice" time="2.016"/>
  <testcase classname="tutorialNinjaPOM.tests.CartPageTests" name="tc03_ItemsModifyCount" time="7.387"/>
  <testcase classname="tutorialNinjaPOM.tests.CartPageTests" name="tc04_ItemsCheckTotalSumShipless" time="0.3"/>
  <testcase classname="tutorialNinjaPOM.tests.CartPageTests" name="tc05_ItemsModifyCount" time="5.539"/>
  <testcase classname="tutorialNinjaPOM.tests.CartPageTests" name="tc06_VoucherInvaild" time="4.363"/>
  <testcase classname="tutorialNinjaPOM.tests.CartPageTests" name="tc07_CouponInvaild" time="2.94"/>
  <testcase classname="tutorialNinjaPOM.tests.CartPageTests" name="tc08_ShippingMethodUnchecked" time="7.399"/>
  <testcase classname="tutorialNinjaPOM.tests.CartPageTests" name="tc09_ShippingCheck" time="9.581"/>
  <testcase classname="tutorialNinjaPOM.tests.CartPageTests" name="tc99_ContiuneShopping" time="1.423"/>
  <testcase classname="tutorialNinjaPOM.tests.SearchTests" name="tc01_emptySearch" time="0.826"/>
  <testcase classname="tutorialNinjaPOM.tests.SearchTests" name="tc02_subCategoryButtonDisableEnable" time="1.301"/>
  <testcase classname="tutorialNinjaPOM.tests.SearchTests" name="tc03_SearchFilterNonDesc" time="2.35"/>
  <testcase classname="tutorialNinjaPOM.tests.SearchTests" name="tc03_SearchFilterNonDesc" time="1.575"/>
  <testcase classname="tutorialNinjaPOM.tests.SearchTests" name="tc03_SearchFilterNonDesc" time="1.559"/>
  <testcase classname="tutorialNinjaPOM.tests.SearchTests" name="tc03_SearchFilterNonDesc" time="2.156"/>
  <testcase classname="tutorialNinjaPOM.tests.CartBurgerTests" name="tc01_correctLinkCart" time="1.65"/>
  <testcase classname="tutorialNinjaPOM.tests.CartBurgerTests" name="tc02_correctLinkCheckout" time="1.937"/>
  <testcase classname="tutorialNinjaPOM.tests.CartBurgerTests" name="tc03_removeLastItem" time="0.752"/>
  <testcase classname="tutorialNinjaPOM.tests.CartBurgerTests" name="tc04_BurgerAddSimpleEchoCheck" time="11.248"/>
  <testcase classname="tutorialNinjaPOM.tests.AccountTests" name="tc01_CheckwishList" time="8.483"/>
  <testcase classname="tutorialNinjaPOM.tests.RegisterLoginTests" name="tc01_UnloggedInasseablePages" time="0.622"/>
  <testcase classname="tutorialNinjaPOM.tests.RegisterLoginTests" name="tc02_InvaildLogin" time="2.453"/>
  <testcase classname="tutorialNinjaPOM.tests.RegisterLoginTests" name="tc02_InvaildLogin" time="1.346"/>
  <testcase classname="tutorialNinjaPOM.tests.RegisterLoginTests" name="tc02_InvaildLogin" time="1.178"/>
  <testcase classname="tutorialNinjaPOM.tests.RegisterLoginTests" name="tc02_InvaildLogin" time="1.332"/>
  <testcase classname="tutorialNinjaPOM.tests.RegisterLoginTests" name="tc03_InvaildRegister" time="3.544"/>
  <testcase classname="tutorialNinjaPOM.tests.RegisterLoginTests" name="tc03_InvaildRegister" time="2.484"/>
  <testcase classname="tutorialNinjaPOM.tests.RegisterLoginTests" name="tc03_InvaildRegister" time="2.096"/>
  <testcase classname="tutorialNinjaPOM.tests.RegisterLoginTests" name="tc03_InvaildRegister" time="2.815"/>
  <testcase classname="tutorialNinjaPOM.tests.RegisterLoginTests" name="tc03_InvaildRegister" time="2.5"/>
  <testcase classname="tutorialNinjaPOM.tests.RegisterLoginTests" name="tc04_VaildLogin" time="2.29"/>
  <testcase classname="tutorialNinjaPOM.tests.RegisterLoginTests" name="tc05_LoginURLRedirectedWhenLoggedState" time="0.97"/>
  <testcase classname="tutorialNinjaPOM.tests.RegisterLoginTests" name="tc06_AddItemUnlogged" time="3.281"/>
  <testcase classname="tutorialNinjaPOM.tests.RegisterLoginTests" name="tc07_VaildRegister" time="4.728"/>
  <testcase classname="tutorialNinjaPOM.tests.URLTests" name="tc01_defaultRoutes" time="0.568"/>
  <testcase classname="tutorialNinjaPOM.tests.URLTests" name="tc02_invaildRoutes" time="1.419"/>
  <testcase classname="tutorialNinjaPOM.tests.URLTests" name="tc02_invaildRoutes" time="1.104"/>
  <testcase classname="tutorialNinjaPOM.tests.URLTests" name="tc02_invaildRoutes" time="1.283"/>
  <testcase classname="tutorialNinjaPOM.tests.URLTests" name="tc02_invaildRoutes" time="1.408"/>
  <testcase classname="tutorialNinjaPOM.tests.URLTests" name="tc03_SearchEmpty" time="0.481"/>
</testsuite> <!-- Test -->
